2019-12-25T13:41:32.521Z - normal: Load ~/.CocosCreator/settings.json
2019-12-25T13:41:32.573Z - normal: Initializing Asset Database
2019-12-25T13:41:32.575Z - normal: checking language setting...
2019-12-25T13:41:32.576Z - normal: Language: en
2019-12-25T13:41:33.144Z - success: preview server running at http://localhost:7457
2019-12-25T13:41:33.159Z - success: protocol editor-framework registered
2019-12-25T13:41:33.159Z - success: protocol app registered
2019-12-25T13:41:33.159Z - success: protocol theme registered
2019-12-25T13:41:33.159Z - success: protocol packages registered
2019-12-25T13:41:33.159Z - success: protocol uuid registerred
2019-12-25T13:41:33.159Z - success: protocol db registerred
2019-12-25T13:41:33.159Z - success: protocol thumbnail registerred
2019-12-25T13:41:33.159Z - success: protocol unpack registerred
2019-12-25T13:41:33.159Z - success: protocol disable-commonjs registerred
2019-12-25T13:41:33.320Z - normal: connected!
2019-12-25T13:41:33.321Z - normal: Check project /Users/edward/Downloads/CandyCrush
2019-12-25T13:41:33.322Z - normal: Initializing project /Users/edward/Downloads/CandyCrush
2019-12-25T13:41:33.340Z - success: adapters loaded
2019-12-25T13:41:33.347Z - success: asset-db-debugger loaded
2019-12-25T13:41:33.457Z - success: fb-audience-network loaded
2019-12-25T13:41:33.501Z - success: fb-live-stream loaded
2019-12-25T13:41:33.503Z - success: google-play-instant loaded
2019-12-25T13:41:33.510Z - success: huawei-runtime loaded
2019-12-25T13:41:33.514Z - success: jkw-adapter loaded
2019-12-25T13:41:33.516Z - success: jsb-adapter loaded
2019-12-25T13:41:33.521Z - success: oppo-runtime loaded
2019-12-25T13:41:33.529Z - success: package-manager loaded
2019-12-25T13:41:33.532Z - success: runtime-dev-tools loaded
2019-12-25T13:41:33.539Z - success: sdkbox loaded
2019-12-25T13:41:33.543Z - success: ui-kit-preview-extra loaded
2019-12-25T13:41:33.549Z - success: ui-kit-preview loaded
2019-12-25T13:41:33.557Z - success: vivo-runtime loaded
2019-12-25T13:41:33.561Z - success: alipay-minigame loaded
2019-12-25T13:41:33.612Z - success: assets loaded
2019-12-25T13:41:33.615Z - success: baidugame-opendata loaded
2019-12-25T13:41:33.618Z - success: baidugame loaded
2019-12-25T13:41:33.622Z - success: builder loaded
2019-12-25T13:41:33.829Z - success: cocos-services loaded
2019-12-25T13:41:33.836Z - success: console loaded
2019-12-25T13:41:33.847Z - success: fb-instant-games loaded
2019-12-25T13:41:33.853Z - success: game-window loaded
2019-12-25T13:41:33.854Z - success: google-instant-games loaded
2019-12-25T13:41:33.860Z - success: hierarchy loaded
2019-12-25T13:41:33.867Z - success: inspector loaded
2019-12-25T13:41:34.292Z - success: cpk-publish loaded
2019-12-25T13:41:34.296Z - success: keystore loaded
2019-12-25T13:41:34.307Z - success: node-library loaded
2019-12-25T13:41:34.316Z - success: open-recent-items loaded
2019-12-25T13:41:34.318Z - success: package-asset loaded
2019-12-25T13:41:34.320Z - success: preferences loaded
2019-12-25T13:41:34.324Z - success: project-exporter loaded
2019-12-25T13:41:34.328Z - success: project-importer loaded
2019-12-25T13:41:34.334Z - success: project-settings loaded
2019-12-25T13:41:34.339Z - success: scene loaded
2019-12-25T13:41:34.341Z - success: simulator-debugger loaded
2019-12-25T13:41:34.342Z - success: sprite-editor loaded
2019-12-25T13:41:34.347Z - success: store loaded
2019-12-25T13:41:34.352Z - success: timeline loaded
2019-12-25T13:41:34.356Z - success: wechatgame-opendata loaded
2019-12-25T13:41:34.360Z - success: wechatgame loaded
2019-12-25T13:41:34.364Z - success: xiaomi-runtime loaded
2019-12-25T13:41:35.190Z - normal: Initializing Cocos2d
2019-12-25T13:41:35.578Z - normal: Initializing engine extends
2019-12-25T13:41:36.402Z - info: Cocos Service load base data!
2019-12-25T13:41:44.459Z - normal: Loading packages
2019-12-25T13:41:44.466Z - normal: Watching packages
2019-12-25T13:41:44.540Z - normal: Run Application
2019-12-26T01:09:30.855Z - info: shutdown preview server
